2019-06-08 08:27:49,177 TRACE [main] c.a.a.TracingAspect [TracingAspect.java:19] Entering void com.aia.Service.WikipediaService.processWiki(Boolean,int)
2019-06-08 08:27:49,182 TRACE [main] c.a.a.TracingAspect [TracingAspect.java:19] Entering void com.aia.Repository.WikipediaRepository.processWiki(Boolean,int)
2019-06-08 08:27:49,185 TRACE [main] c.a.a.TracingAspect [TracingAspect.java:19] Entering void com.aia.Service.WikipediaService.processWiki(Boolean,int)
2019-06-08 08:27:49,188 TRACE [main] c.a.a.TracingAspect [TracingAspect.java:19] Entering void com.aia.Repository.WikipediaRepository.processWiki(Boolean,int)
2019-06-08 08:29:20,717 TRACE [main] c.a.a.TracingAspect [TracingAspect.java:19] Entering void com.aia.Service.WikipediaService.processWiki(Boolean,int)
2019-06-08 08:29:20,730 TRACE [main] c.a.a.TracingAspect [TracingAspect.java:19] Entering void com.aia.Repository.WikipediaRepository.processWiki(Boolean,int)
2019-06-08 08:29:44,206 TRACE [main] c.a.a.TracingAspect [TracingAspect.java:19] Entering void com.aia.Service.WikipediaService.processWiki(Boolean,int)
2019-06-08 08:29:44,210 TRACE [main] c.a.a.TracingAspect [TracingAspect.java:19] Entering void com.aia.Repository.WikipediaRepository.processWiki(Boolean,int)
2019-06-08 08:30:30,598 TRACE [main] c.a.a.TracingAspect [TracingAspect.java:19] Entering void com.aia.Service.WikipediaService.processWiki(Boolean,int)
2019-06-08 08:30:30,606 TRACE [main] c.a.a.TracingAspect [TracingAspect.java:19] Entering void com.aia.Repository.WikipediaRepository.processWiki(Boolean,int)
2019-06-08 08:49:27,704 TRACE [main] c.a.a.TracingAspect [TracingAspect.java:27] Exiting void com.aia.Repository.WikipediaRepository.processWiki(Boolean,int)
2019-06-08 08:49:27,705 TRACE [main] c.a.a.PerformanceAspect [PerformanceAspect.java:27] StopWatch 'void com.aia.Repository.WikipediaRepository.processWiki(Boolean,int)': running time (millis) = 1137099
2019-06-08 08:49:27,706 TRACE [main] c.a.a.TracingAspect [TracingAspect.java:27] Exiting void com.aia.Service.WikipediaService.processWiki(Boolean,int)
2019-06-08 12:31:49,152 TRACE [main] c.a.a.TracingAspect [TracingAspect.java:19] Entering void com.aia.Service.WikipediaService.processWiki(Boolean,int)
2019-06-08 12:31:49,157 TRACE [main] c.a.a.TracingAspect [TracingAspect.java:19] Entering void com.aia.Repository.WikipediaRepository.processWiki(Boolean,int)
2019-06-08 12:33:06,632 TRACE [main] c.a.a.TracingAspect [TracingAspect.java:19] Entering void com.aia.Service.WikipediaService.processWiki(Boolean,int)
2019-06-08 12:33:06,638 TRACE [main] c.a.a.TracingAspect [TracingAspect.java:19] Entering void com.aia.Repository.WikipediaRepository.processWiki(Boolean,int)
2019-06-08 12:35:46,462 TRACE [main] c.a.a.TracingAspect [TracingAspect.java:19] Entering void com.aia.Service.WikipediaService.processWiki(Boolean,int)
2019-06-08 12:35:46,469 TRACE [main] c.a.a.TracingAspect [TracingAspect.java:19] Entering void com.aia.Repository.WikipediaRepository.processWiki(Boolean,int)
2019-06-08 12:35:50,852 TRACE [main] c.a.a.TracingAspect [TracingAspect.java:27] Exiting void com.aia.Repository.WikipediaRepository.processWiki(Boolean,int)
2019-06-08 12:35:50,855 TRACE [main] c.a.a.PerformanceAspect [PerformanceAspect.java:27] StopWatch 'void com.aia.Repository.WikipediaRepository.processWiki(Boolean,int)': running time (millis) = 4384
2019-06-08 12:35:50,856 TRACE [main] c.a.a.TracingAspect [TracingAspect.java:27] Exiting void com.aia.Service.WikipediaService.processWiki(Boolean,int)
2019-06-08 19:48:06,327 TRACE [main] c.a.a.TracingAspect [TracingAspect.java:19] Entering void com.aia.Service.WikipediaService.processWiki(Boolean,int)
2019-06-08 19:48:06,340 TRACE [main] c.a.a.TracingAspect [TracingAspect.java:19] Entering void com.aia.Repository.WikipediaRepository.processWiki(Boolean,int)
2019-06-08 19:48:29,710 TRACE [main] c.a.a.TracingAspect [TracingAspect.java:27] Exiting void com.aia.Repository.WikipediaRepository.processWiki(Boolean,int)
2019-06-08 19:48:29,713 TRACE [main] c.a.a.PerformanceAspect [PerformanceAspect.java:27] StopWatch 'void com.aia.Repository.WikipediaRepository.processWiki(Boolean,int)': running time (millis) = 23371
2019-06-08 19:48:29,714 TRACE [main] c.a.a.TracingAspect [TracingAspect.java:27] Exiting void com.aia.Service.WikipediaService.processWiki(Boolean,int)
2019-06-11 19:23:23,679 TRACE [main] c.a.a.TracingAspect [TracingAspect.java:19] Entering void com.aia.Service.WikipediaService.processWiki(Boolean,int)
2019-06-11 19:23:23,685 TRACE [main] c.a.a.TracingAspect [TracingAspect.java:19] Entering void com.aia.Repository.WikipediaRepository.processWiki(Boolean,int)
2019-06-11 19:23:28,270 TRACE [main] c.a.a.TracingAspect [TracingAspect.java:27] Exiting void com.aia.Repository.WikipediaRepository.processWiki(Boolean,int)
2019-06-11 19:23:28,271 TRACE [main] c.a.a.PerformanceAspect [PerformanceAspect.java:27] StopWatch 'void com.aia.Repository.WikipediaRepository.processWiki(Boolean,int)': running time (millis) = 4585
2019-06-11 19:23:28,271 TRACE [main] c.a.a.TracingAspect [TracingAspect.java:27] Exiting void com.aia.Service.WikipediaService.processWiki(Boolean,int)
